<?xml version="1.0" encoding="UTF-8"?>
<robot generator="Robot 3.1.2 (Python 3.7.5 on win32)" generated="20191215 20:20:09.584" rpa="false">
<suite id="s1" name="Login Auto" source="D:\Initial Training\Software coding\Software Testing\Robot\robotframework_workshop\Login_Auto.robot">
<test id="s1-t1" name="Valid Credentials">
<kw name="Open Browser To Login Page" library="resource" type="setup">
<kw name="Open Browser" library="SeleniumLibrary">
<doc>Opens a new browser instance to the optional ``url``.</doc>
<arguments>
<arg>${SERVER}</arg>
<arg>${BROWSER}</arg>
</arguments>
<msg timestamp="20191215 20:20:09.797" level="INFO">Opening browser 'chrome' to base url 'https://www.facebook.com'.</msg>
<status status="PASS" starttime="20191215 20:20:09.797" endtime="20191215 20:20:17.568"></status>
</kw>
<kw name="Maximize Browser Window" library="SeleniumLibrary">
<doc>Maximizes current browser window.</doc>
<status status="PASS" starttime="20191215 20:20:17.569" endtime="20191215 20:20:21.712"></status>
</kw>
<kw name="Set Selenium Speed" library="SeleniumLibrary">
<doc>Sets the delay that is waited after each Selenium command.</doc>
<arguments>
<arg>${DELEY}</arg>
</arguments>
<status status="PASS" starttime="20191215 20:20:21.713" endtime="20191215 20:20:21.713"></status>
</kw>
<status status="PASS" starttime="20191215 20:20:09.797" endtime="20191215 20:20:21.713"></status>
</kw>
<kw name="Login with Valid Credentials Successful">
<arguments>
<arg>${VALID USERNAME}</arg>
<arg>${VALID PASSWORD}</arg>
</arguments>
<kw name="Input Username" library="resource">
<arguments>
<arg>${username}</arg>
</arguments>
<kw name="Input Text" library="SeleniumLibrary">
<doc>Types the given ``text`` into the text field identified by ``locator``.</doc>
<arguments>
<arg>//input[@id='email']</arg>
<arg>${VALID USERNAME}</arg>
</arguments>
<msg timestamp="20191215 20:20:21.723" level="INFO">Typing text 'Thanawit.aki@gmail.com' into text field '//input[@id='email']'.</msg>
<status status="PASS" starttime="20191215 20:20:21.722" endtime="20191215 20:20:21.888"></status>
</kw>
<status status="PASS" starttime="20191215 20:20:21.721" endtime="20191215 20:20:21.888"></status>
</kw>
<kw name="Input Password" library="resource">
<arguments>
<arg>${password}</arg>
</arguments>
<kw name="Input Text" library="SeleniumLibrary">
<doc>Types the given ``text`` into the text field identified by ``locator``.</doc>
<arguments>
<arg>//input[@id='pass']</arg>
<arg>${VALID PASSWORD}</arg>
</arguments>
<msg timestamp="20191215 20:20:21.889" level="INFO">Typing text 'xxxxxxx' into text field '//input[@id='pass']'.</msg>
<status status="PASS" starttime="20191215 20:20:21.889" endtime="20191215 20:20:21.972"></status>
</kw>
<status status="PASS" starttime="20191215 20:20:21.888" endtime="20191215 20:20:21.972"></status>
</kw>
<kw name="Submit Credentials" library="resource">
<kw name="Click Button" library="SeleniumLibrary">
<doc>Clicks the button identified by ``locator``.</doc>
<arguments>
<arg>//input[contains(@type, 'submit')]</arg>
</arguments>
<msg timestamp="20191215 20:20:21.973" level="INFO">Clicking button '//input[contains(@type, 'submit')]'.</msg>
<status status="PASS" starttime="20191215 20:20:21.972" endtime="20191215 20:20:24.923"></status>
</kw>
<status status="PASS" starttime="20191215 20:20:21.972" endtime="20191215 20:20:24.923"></status>
</kw>
<kw name="Verify Login sucessful" library="resource">
<kw name="Run Keyword And Return Status" library="BuiltIn">
<doc>Runs the given keyword with given arguments and returns the status as a Boolean value.</doc>
<arguments>
<arg>Page Should Contain Element</arg>
<arg>//div[text()='ธนาวิทย์ ชัยสุภาพสิริกุล']</arg>
</arguments>
<assign>
<var>${CheckRs}</var>
</assign>
<kw name="Page Should Contain Element" library="SeleniumLibrary">
<doc>Verifies that element ``locator`` is found on the current page.</doc>
<arguments>
<arg>//div[text()='ธนาวิทย์ ชัยสุภาพสิริกุล']</arg>
</arguments>
<kw name="Capture Page Screenshot" library="SeleniumLibrary">
<doc>Takes a screenshot of the current page and embeds it into a log file.</doc>
<msg timestamp="20191215 20:20:25.418" level="INFO" html="yes">&lt;/td&gt;&lt;/tr&gt;&lt;tr&gt;&lt;td colspan="3"&gt;&lt;a href="selenium-screenshot-28.png"&gt;&lt;img src="selenium-screenshot-28.png" width="800px"&gt;&lt;/a&gt;</msg>
<status status="PASS" starttime="20191215 20:20:24.955" endtime="20191215 20:20:25.418"></status>
</kw>
<msg timestamp="20191215 20:20:25.419" level="FAIL">Page should have contained element '//div[text()='ธนาวิทย์ ชัยสุภาพสิริกุล']' but did not.</msg>
<status status="FAIL" starttime="20191215 20:20:24.924" endtime="20191215 20:20:25.419"></status>
</kw>
<msg timestamp="20191215 20:20:25.419" level="INFO">${CheckRs} = False</msg>
<status status="PASS" starttime="20191215 20:20:24.924" endtime="20191215 20:20:25.419"></status>
</kw>
<kw name="Run Keyword If" library="BuiltIn">
<doc>Runs the given keyword with the given arguments, if ``condition`` is true.</doc>
<arguments>
<arg>not ${CheckRs}</arg>
<arg>Line Notification</arg>
<arg>${line_token}</arg>
<arg>${message}</arg>
</arguments>
<kw name="Line Notification" library="resource">
<arguments>
<arg>${line_token}</arg>
<arg>${message}</arg>
</arguments>
<kw name="Set Line Token" library="LineNoti">
<doc>Arguments:
| line_token      |  An access token for authentication  |</doc>
<arguments>
<arg>${line_token}</arg>
</arguments>
<status status="PASS" starttime="20191215 20:20:25.420" endtime="20191215 20:20:25.420"></status>
</kw>
<kw name="Line Text" library="LineNoti">
<doc>Arguments:
|   message     |       1000 characters max  |</doc>
<arguments>
<arg>${message}</arg>
</arguments>
<msg timestamp="20191215 20:20:25.940" level="INFO">{"status":200,"message":"ok"}</msg>
<status status="PASS" starttime="20191215 20:20:25.420" endtime="20191215 20:20:25.940"></status>
</kw>
<kw name="Line Sticker" library="LineNoti">
<doc>Arguments:
|   PackageId     |  https://devdocs.line.me/files/sticker_list.pdf |
|   StickerId     |  https://devdocs.line.me/files/sticker_list.pdf |</doc>
<arguments>
<arg>2</arg>
<arg>154</arg>
</arguments>
<msg timestamp="20191215 20:20:26.408" level="INFO">{"status":200,"message":"ok"}</msg>
<status status="PASS" starttime="20191215 20:20:25.941" endtime="20191215 20:20:26.408"></status>
</kw>
<kw name="Line Pic" library="LineNoti">
<doc>Arguments:
|   path_file     |  Upload a image file to the LINE server.Supported image format is png and jpeg. |</doc>
<arguments>
<arg>D:/Initial Training/Software coding/Software Testing/Robot/robotframework_workshop</arg>
</arguments>
<msg timestamp="20191215 20:20:27.360" level="INFO">{"status":200,"message":"ok"}</msg>
<status status="PASS" starttime="20191215 20:20:26.408" endtime="20191215 20:20:27.361"></status>
</kw>
<status status="PASS" starttime="20191215 20:20:25.419" endtime="20191215 20:20:27.361"></status>
</kw>
<status status="PASS" starttime="20191215 20:20:25.419" endtime="20191215 20:20:27.361"></status>
</kw>
<status status="PASS" starttime="20191215 20:20:24.924" endtime="20191215 20:20:27.362"></status>
</kw>
<status status="PASS" starttime="20191215 20:20:21.719" endtime="20191215 20:20:27.362"></status>
</kw>
<status status="PASS" starttime="20191215 20:20:09.797" endtime="20191215 20:20:27.364" critical="yes"></status>
</test>
<status status="PASS" starttime="20191215 20:20:09.585" endtime="20191215 20:20:27.372"></status>
</suite>
<statistics>
<total>
<stat pass="1" fail="0">Critical Tests</stat>
<stat pass="1" fail="0">All Tests</stat>
</total>
<tag>
</tag>
<suite>
<stat pass="1" fail="0" id="s1" name="Login Auto">Login Auto</stat>
</suite>
</statistics>
<errors>
</errors>
</robot>
